
*** Running vivado
    with args -log simpleMipsCPU.vdi -applog -m64 -product Vivado -messageDb vivado.pb -mode batch -source simpleMipsCPU.tcl -notrace


****** Vivado v2016.3 (64-bit)
  **** SW Build 1682563 on Mon Oct 10 19:07:27 MDT 2016
  **** IP Build 1681267 on Mon Oct 10 21:28:31 MDT 2016
    ** Copyright 1986-2016 Xilinx, Inc. All Rights Reserved.

source simpleMipsCPU.tcl -notrace
Design is defaulting to srcset: sources_1
Design is defaulting to constrset: constrs_1
INFO: [Project 1-479] Netlist was created with Vivado 2016.3
INFO: [Device 21-403] Loading part xc7a100tcsg324-1
INFO: [Project 1-570] Preparing netlist for logic optimization
INFO: [Opt 31-138] Pushed 0 inverter(s) to 0 load pin(s).
INFO: [Project 1-111] Unisim Transformation Summary:
No Unisim elements were transformed.

link_design: Time (s): cpu = 00:00:05 ; elapsed = 00:00:05 . Memory (MB): peak = 472.660 ; gain = 258.887
INFO: [Vivado_Tcl 4-424] Cannot write hardware definition file as there are no IPI block design hardware handoff files present
Command: opt_design
Attempting to get a license for feature 'Implementation' and/or device 'xc7a100t'
INFO: [Common 17-349] Got license for feature 'Implementation' and/or device 'xc7a100t'
Running DRC as a precondition to command opt_design

Starting DRC Task
INFO: [DRC 23-27] Running DRC with 2 threads
INFO: [Project 1-461] DRC finished with 0 Errors
INFO: [Project 1-462] Please refer to the DRC report (report_drc) for more information.

Time (s): cpu = 00:00:01 ; elapsed = 00:00:00.441 . Memory (MB): peak = 478.578 ; gain = 5.918
INFO: [Timing 38-35] Done setting XDC timing constraints.

Starting Logic Optimization Task
Implement Debug Cores | Checksum: e417327d

Phase 1 Retarget
INFO: [Opt 31-138] Pushed 0 inverter(s) to 0 load pin(s).
INFO: [Opt 31-49] Retargeted 0 cell(s).
Phase 1 Retarget | Checksum: e417327d

Time (s): cpu = 00:00:00 ; elapsed = 00:00:00.005 . Memory (MB): peak = 954.336 ; gain = 0.000

Phase 2 Constant propagation
INFO: [Opt 31-138] Pushed 0 inverter(s) to 0 load pin(s).
INFO: [Opt 31-10] Eliminated 0 cells.
Phase 2 Constant propagation | Checksum: e417327d

Time (s): cpu = 00:00:00 ; elapsed = 00:00:00.006 . Memory (MB): peak = 954.336 ; gain = 0.000

Phase 3 Sweep
INFO: [Opt 31-12] Eliminated 0 unconnected nets.
INFO: [Opt 31-11] Eliminated 0 unconnected cells.
Phase 3 Sweep | Checksum: e417327d

Time (s): cpu = 00:00:00 ; elapsed = 00:00:00.007 . Memory (MB): peak = 954.336 ; gain = 0.000

Phase 4 BUFG optimization
INFO: [Opt 31-12] Eliminated 0 unconnected nets.
INFO: [Opt 31-11] Eliminated 0 unconnected cells.
Phase 4 BUFG optimization | Checksum: e417327d

Time (s): cpu = 00:00:00 ; elapsed = 00:00:00.008 . Memory (MB): peak = 954.336 ; gain = 0.000

Starting Connectivity Check Task

Time (s): cpu = 00:00:00 ; elapsed = 00:00:00 . Memory (MB): peak = 954.336 ; gain = 0.000
Ending Logic Optimization Task | Checksum: e417327d

Time (s): cpu = 00:00:00 ; elapsed = 00:00:00.009 . Memory (MB): peak = 954.336 ; gain = 0.000

Starting Power Optimization Task
INFO: [Pwropt 34-132] Skipping clock gating for clocks with a period < 2.00 ns.
Ending Power Optimization Task | Checksum: e417327d

Time (s): cpu = 00:00:00 ; elapsed = 00:00:00.005 . Memory (MB): peak = 954.336 ; gain = 0.000
INFO: [Common 17-83] Releasing license: Implementation
21 Infos, 0 Warnings, 0 Critical Warnings and 0 Errors encountered.
opt_design completed successfully
opt_design: Time (s): cpu = 00:00:12 ; elapsed = 00:00:12 . Memory (MB): peak = 954.336 ; gain = 481.676
INFO: [Common 17-1381] The checkpoint 'C:/Users/Gokturk/FPGA/SimpleMipsCpuMem/SimpleMipsCpuMem.runs/impl_1/simpleMipsCPU_opt.dcp' has been generated.
INFO: [DRC 23-27] Running DRC with 2 threads
INFO: [Coretcl 2-168] The results of DRC are in file C:/Users/Gokturk/FPGA/SimpleMipsCpuMem/SimpleMipsCpuMem.runs/impl_1/simpleMipsCPU_drc_opted.rpt.
INFO: [Chipscope 16-241] No debug cores found in the current design.
Before running the implement_debug_core command, either use the Set Up Debug wizard (GUI mode)
or use the create_debug_core and connect_debug_core Tcl commands to insert debug cores into the design.
Command: place_design
Attempting to get a license for feature 'Implementation' and/or device 'xc7a100t'
INFO: [Common 17-349] Got license for feature 'Implementation' and/or device 'xc7a100t'
INFO: [DRC 23-27] Running DRC with 2 threads
INFO: [Vivado_Tcl 4-198] DRC finished with 0 Errors
INFO: [Vivado_Tcl 4-199] Please refer to the DRC report (report_drc) for more information.
Running DRC as a precondition to command place_design
INFO: [DRC 23-27] Running DRC with 2 threads
INFO: [Vivado_Tcl 4-198] DRC finished with 0 Errors
INFO: [Vivado_Tcl 4-199] Please refer to the DRC report (report_drc) for more information.

Starting Placer Task
INFO: [Place 30-611] Multithreading enabled for place_design using a maximum of 2 CPUs

Phase 1 Placer Initialization
Netlist sorting complete. Time (s): cpu = 00:00:00 ; elapsed = 00:00:00.001 . Memory (MB): peak = 954.336 ; gain = 0.000
Netlist sorting complete. Time (s): cpu = 00:00:00 ; elapsed = 00:00:00 . Memory (MB): peak = 954.336 ; gain = 0.000

Phase 1.1 IO Placement/ Clock Placement/ Build Placer Device
INFO: [Timing 38-35] Done setting XDC timing constraints.
Phase 1.1 IO Placement/ Clock Placement/ Build Placer Device | Checksum: bfbc7f3f

Time (s): cpu = 00:00:01 ; elapsed = 00:00:00.919 . Memory (MB): peak = 977.656 ; gain = 23.320

Phase 1.2 Build Placer Netlist Model
Phase 1.2 Build Placer Netlist Model | Checksum: 156db4f1d

Time (s): cpu = 00:00:01 ; elapsed = 00:00:00.934 . Memory (MB): peak = 977.656 ; gain = 23.320

Phase 1.3 Constrain Clocks/Macros
Phase 1.3 Constrain Clocks/Macros | Checksum: 156db4f1d

Time (s): cpu = 00:00:01 ; elapsed = 00:00:00.934 . Memory (MB): peak = 977.656 ; gain = 23.320
Phase 1 Placer Initialization | Checksum: 156db4f1d

Time (s): cpu = 00:00:01 ; elapsed = 00:00:00.935 . Memory (MB): peak = 977.656 ; gain = 23.320

Phase 2 Final Placement Cleanup
Phase 2 Final Placement Cleanup | Checksum: 156db4f1d

Time (s): cpu = 00:00:01 ; elapsed = 00:00:00.935 . Memory (MB): peak = 977.656 ; gain = 23.320
INFO: [Place 30-281] No place-able instance is found; design doesn't contain any instance or all instances are placed
Ending Placer Task | Checksum: bfbc7f3f

Time (s): cpu = 00:00:01 ; elapsed = 00:00:00.938 . Memory (MB): peak = 977.656 ; gain = 23.320
INFO: [Common 17-83] Releasing license: Implementation
36 Infos, 0 Warnings, 0 Critical Warnings and 0 Errors encountered.
place_design completed successfully
Writing placer database...
Writing XDEF routing.
Writing XDEF routing logical nets.
Writing XDEF routing special nets.
Write XDEF Complete: Time (s): cpu = 00:00:00 ; elapsed = 00:00:00.097 . Memory (MB): peak = 977.656 ; gain = 0.000
INFO: [Common 17-1381] The checkpoint 'C:/Users/Gokturk/FPGA/SimpleMipsCpuMem/SimpleMipsCpuMem.runs/impl_1/simpleMipsCPU_placed.dcp' has been generated.
report_io: Time (s): cpu = 00:00:00 ; elapsed = 00:00:00.047 . Memory (MB): peak = 977.656 ; gain = 0.000
report_utilization: Time (s): cpu = 00:00:00 ; elapsed = 00:00:00.019 . Memory (MB): peak = 977.656 ; gain = 0.000
report_control_sets: Time (s): cpu = 00:00:00 ; elapsed = 00:00:00 . Memory (MB): peak = 977.656 ; gain = 0.000
Command: route_design
Attempting to get a license for feature 'Implementation' and/or device 'xc7a100t'
INFO: [Common 17-349] Got license for feature 'Implementation' and/or device 'xc7a100t'
Running DRC as a precondition to command route_design
INFO: [DRC 23-27] Running DRC with 2 threads
INFO: [Vivado_Tcl 4-198] DRC finished with 0 Errors
INFO: [Vivado_Tcl 4-199] Please refer to the DRC report (report_drc) for more information.


Starting Routing Task
INFO: [Route 35-254] Multithreading enabled for route_design using a maximum of 2 CPUs
Checksum: PlaceDB: 7138ecce ConstDB: 0 ShapeSum: 4e839271 RouteDB: 0

Phase 1 Build RT Design
Phase 1 Build RT Design | Checksum: b2fb3850

Time (s): cpu = 00:00:36 ; elapsed = 00:00:32 . Memory (MB): peak = 1119.207 ; gain = 141.551

Phase 2 Router Initialization
INFO: [Route 35-64] No timing constraints were detected. The router will operate in resource-optimization mode.

Phase 2.1 Fix Topology Constraints
Phase 2.1 Fix Topology Constraints | Checksum: b2fb3850

Time (s): cpu = 00:00:36 ; elapsed = 00:00:32 . Memory (MB): peak = 1124.176 ; gain = 146.520

Phase 2.2 Pre Route Cleanup
Phase 2.2 Pre Route Cleanup | Checksum: b2fb3850

Time (s): cpu = 00:00:36 ; elapsed = 00:00:32 . Memory (MB): peak = 1124.176 ; gain = 146.520
 Number of Nodes with overlaps = 0
Phase 2 Router Initialization | Checksum: 2e1788b6

Time (s): cpu = 00:00:36 ; elapsed = 00:00:32 . Memory (MB): peak = 1126.949 ; gain = 149.293

Phase 3 Initial Routing
 Number of Nodes with overlaps = 0
Phase 3 Initial Routing | Checksum: 2e1788b6

Time (s): cpu = 00:00:37 ; elapsed = 00:00:32 . Memory (MB): peak = 1126.949 ; gain = 149.293

Phase 4 Rip-up And Reroute

Phase 4.1 Global Iteration 0
Phase 4.1 Global Iteration 0 | Checksum: 2e1788b6

Time (s): cpu = 00:00:37 ; elapsed = 00:00:32 . Memory (MB): peak = 1126.949 ; gain = 149.293

Phase 4.2 Global Iteration 1
Phase 4.2 Global Iteration 1 | Checksum: 2e1788b6

Time (s): cpu = 00:00:37 ; elapsed = 00:00:32 . Memory (MB): peak = 1126.949 ; gain = 149.293

Phase 4.3 Global Iteration 2
Phase 4.3 Global Iteration 2 | Checksum: 2e1788b6

Time (s): cpu = 00:00:37 ; elapsed = 00:00:32 . Memory (MB): peak = 1126.949 ; gain = 149.293

Phase 4.4 Global Iteration 3
Phase 4.4 Global Iteration 3 | Checksum: 2e1788b6

Time (s): cpu = 00:00:37 ; elapsed = 00:00:32 . Memory (MB): peak = 1126.949 ; gain = 149.293

Phase 4.5 Global Iteration 4
Phase 4.5 Global Iteration 4 | Checksum: 2e1788b6

Time (s): cpu = 00:00:37 ; elapsed = 00:00:32 . Memory (MB): peak = 1126.949 ; gain = 149.293
Phase 4 Rip-up And Reroute | Checksum: 2e1788b6

Time (s): cpu = 00:00:37 ; elapsed = 00:00:32 . Memory (MB): peak = 1126.949 ; gain = 149.293

Phase 5 Delay and Skew Optimization
Phase 5 Delay and Skew Optimization | Checksum: 2e1788b6

Time (s): cpu = 00:00:37 ; elapsed = 00:00:32 . Memory (MB): peak = 1126.949 ; gain = 149.293

Phase 6 Post Hold Fix

Phase 6.1 Hold Fix Iter
Phase 6.1 Hold Fix Iter | Checksum: 2e1788b6

Time (s): cpu = 00:00:37 ; elapsed = 00:00:32 . Memory (MB): peak = 1126.949 ; gain = 149.293
Phase 6 Post Hold Fix | Checksum: 2e1788b6

Time (s): cpu = 00:00:37 ; elapsed = 00:00:32 . Memory (MB): peak = 1126.949 ; gain = 149.293

Phase 7 Route finalize

Router Utilization Summary
  Global Vertical Routing Utilization    = 0 %
  Global Horizontal Routing Utilization  = 0 %
  Routable Net Status*
  *Does not include unroutable nets such as driverless and loadless.
  Run report_route_status for detailed report.
  Number of Failed Nets               = 0
  Number of Unrouted Nets             = 0
  Number of Partially Routed Nets     = 0
  Number of Node Overlaps             = 0

Congestion Report
North Dir 1x1 Area, Max Cong = 0%, No Congested Regions.
South Dir 1x1 Area, Max Cong = 0%, No Congested Regions.
East Dir 1x1 Area, Max Cong = 0%, No Congested Regions.
West Dir 1x1 Area, Max Cong = 0%, No Congested Regions.
Phase 7 Route finalize | Checksum: 2e1788b6

Time (s): cpu = 00:00:37 ; elapsed = 00:00:32 . Memory (MB): peak = 1126.949 ; gain = 149.293

Phase 8 Verifying routed nets

 Verification completed successfully
Phase 8 Verifying routed nets | Checksum: 2e1788b6

Time (s): cpu = 00:00:37 ; elapsed = 00:00:32 . Memory (MB): peak = 1127.766 ; gain = 150.109

Phase 9 Depositing Routes
Phase 9 Depositing Routes | Checksum: 2e1788b6

Time (s): cpu = 00:00:37 ; elapsed = 00:00:32 . Memory (MB): peak = 1127.766 ; gain = 150.109
INFO: [Route 35-16] Router Completed Successfully

Time (s): cpu = 00:00:37 ; elapsed = 00:00:32 . Memory (MB): peak = 1127.766 ; gain = 150.109

Routing Is Done.
INFO: [Common 17-83] Releasing license: Implementation
45 Infos, 0 Warnings, 0 Critical Warnings and 0 Errors encountered.
route_design completed successfully
route_design: Time (s): cpu = 00:00:38 ; elapsed = 00:00:33 . Memory (MB): peak = 1127.766 ; gain = 150.109
Writing placer database...
Writing XDEF routing.
Writing XDEF routing logical nets.
Writing XDEF routing special nets.
Write XDEF Complete: Time (s): cpu = 00:00:00 ; elapsed = 00:00:00.045 . Memory (MB): peak = 1127.766 ; gain = 0.000
INFO: [Common 17-1381] The checkpoint 'C:/Users/Gokturk/FPGA/SimpleMipsCpuMem/SimpleMipsCpuMem.runs/impl_1/simpleMipsCPU_routed.dcp' has been generated.
INFO: [DRC 23-27] Running DRC with 2 threads
INFO: [Coretcl 2-168] The results of DRC are in file C:/Users/Gokturk/FPGA/SimpleMipsCpuMem/SimpleMipsCpuMem.runs/impl_1/simpleMipsCPU_drc_routed.rpt.
INFO: [Timing 38-35] Done setting XDC timing constraints.
INFO: [DRC 23-133] Running Methodology with 2 threads
INFO: [Coretcl 2-1520] The results of Report Methodology are in file C:/Users/Gokturk/FPGA/SimpleMipsCpuMem/SimpleMipsCpuMem.runs/impl_1/simpleMipsCPU_methodology_drc_routed.rpt.
INFO: [Timing 38-35] Done setting XDC timing constraints.
INFO: [Timing 38-91] UpdateTimingParams: Speed grade: -1, Delay Type: min_max.
INFO: [Timing 38-191] Multithreading enabled for timing update using a maximum of 2 CPUs
INFO: [Timing 38-35] Done setting XDC timing constraints.
WARNING: [Timing 38-313] There are no user specified timing constraints. Timing constraints are needed for proper timing analysis.
Command: report_power -file simpleMipsCPU_power_routed.rpt -pb simpleMipsCPU_power_summary_routed.pb -rpx simpleMipsCPU_power_routed.rpx
WARNING: [Power 33-232] No user defined clocks were found in the design!
Resolution: Please specify clocks using create_clock/create_generated_clock for sequential elements. For pure combinatorial circuits, please specify a virtual clock, otherwise the vectorless estimation might be inaccurate
Running Vector-less Activity Propagation...

Finished Running Vector-less Activity Propagation
55 Infos, 2 Warnings, 0 Critical Warnings and 0 Errors encountered.
report_power completed successfully
INFO: [Common 17-206] Exiting Vivado at Thu Dec 14 17:26:51 2017...
